<?xml version="1.0" encoding="UTF-8"?>
<!-- Generated by org.testng.reporters.JUnitXMLReporter -->
<testsuite hostname="Hp" ignored="3" name="Test" tests="5" failures="0" timestamp="18 Feb 2018 18:54:10 GMT" time="0.1" errors="0">
  <testcase name="createProduct" time="0.012" classname="testngpackage.DemoParameters"/>
  <testcase name="editProduct" time="0.001" classname="testngpackage.DemoParameters"/>
  <testcase name="editProduct" time="0.001" classname="testngpackage.DemoParameters"/>
  <testcase name="editProduct" time="0.001" classname="testngpackage.DemoParameters"/>
  <testcase name="deleteProduct" time="0.001" classname="testngpackage.DemoParameters"/>
  <testcase name="createuser" time="0.0" classname="testngpackage.DemoParameters">
    <ignored/>
  </testcase> <!-- createuser -->
  <testcase name="editUser" time="0.0" classname="testngpackage.DemoParameters">
    <ignored/>
  </testcase> <!-- editUser -->
  <testcase name="deleteUser" time="0.0" classname="testngpackage.DemoParameters">
    <ignored/>
  </testcase> <!-- deleteUser -->
</testsuite> <!-- Test -->
