<?xml version="1.0" encoding="UTF-8"?>
<!-- Generated by org.testng.reporters.JUnitReportReporter -->
<testsuite skipped="0" hostname="Hp" name="testngpackage.LaunchFirefoxAndChromeTogether" tests="2" failures="0" timestamp="15 Feb 2018 15:50:49 GMT" time="152.510" errors="0">
  <testcase name="loginFFandChrome" time="54.051" classname="testngpackage.LaunchFirefoxAndChromeTogether"/>
  <testcase name="loginFFandChrome" time="98.459" classname="testngpackage.LaunchFirefoxAndChromeTogether"/>
</testsuite> <!-- testngpackage.LaunchFirefoxAndChromeTogether -->
