<?xml version="1.0" encoding="UTF-8"?>
<!-- Generated by org.testng.reporters.JUnitReportReporter -->
<testsuite skipped="0" hostname="Hp" name="testngpackage.DemoParameters" tests="5" failures="0" timestamp="18 Feb 2018 18:54:10 GMT" time="0.016" errors="0">
  <testcase name="createProduct" time="0.012" classname="testngpackage.DemoParameters"/>
  <testcase name="editProduct" time="0.001" classname="testngpackage.DemoParameters"/>
  <testcase name="editProduct" time="0.001" classname="testngpackage.DemoParameters"/>
  <testcase name="editProduct" time="0.001" classname="testngpackage.DemoParameters"/>
  <testcase name="deleteProduct" time="0.001" classname="testngpackage.DemoParameters"/>
</testsuite> <!-- testngpackage.DemoParameters -->
