<?xml version="1.0" encoding="UTF-8"?>
<!-- Generated by org.testng.reporters.JUnitReportReporter -->
<testsuite skipped="0" hostname="Hp" name="testngpackage.DataProviderExample" tests="2" failures="0" timestamp="15 Feb 2018 15:53:18 GMT" time="0.022" errors="0">
  <testcase name="useDataBank" time="0.005" classname="testngpackage.DataProviderExample"/>
  <testcase name="useDataBank" time="0.017" classname="testngpackage.DataProviderExample"/>
</testsuite> <!-- testngpackage.DataProviderExample -->
